0 info it worked if it ends with ok
1 verbose cli [
1 verbose cli   'C:\\Program Files\\nodejs\\node.exe',
1 verbose cli   'C:\\Program Files\\nodejs\\node_modules\\npm\\bin\\npm-cli.js',
1 verbose cli   'run',
1 verbose cli   'dev'
1 verbose cli ]
2 info using npm@6.13.4
3 info using node@v12.16.1
4 verbose run-script [ 'predev', 'dev', 'postdev' ]
5 info lifecycle express-boilerplate@1.0.0~predev: express-boilerplate@1.0.0
6 info lifecycle express-boilerplate@1.0.0~dev: express-boilerplate@1.0.0
7 verbose lifecycle express-boilerplate@1.0.0~dev: unsafe-perm in lifecycle true
8 verbose lifecycle express-boilerplate@1.0.0~dev: PATH: C:\Program Files\nodejs\node_modules\npm\node_modules\npm-lifecycle\node-gyp-bin;C:\Users\Master Admin\Desktop\Thinkful projects\express-boilerplate\node_modules\.bin;C:\Program Files\Git\mingw64\bin;C:\Program Files\Git\usr\bin;C:\Users\Master Admin\bin;C:\ProgramData\Oracle\Java\javapath;C:\Windows\system32;C:\Windows;C:\Windows\System32\Wbem;C:\Windows\System32\WindowsPowerShell\v1.0;C:\Program Files (x86)\ATI Technologies\ATI.ACE\Core-Static;C:\Program Files (x86)\AMD\ATI.ACE\Core-Static;C:\Program Files (x86)\NVIDIA Corporation\PhysX\Common;C:\Program Files\Git\cmd;C:\Program Files\nodejs;%SystemRoot%\system32;%SystemRoot%;%SystemRoot%\System32\Wbem;%SYSTEMROOT%\System32\WindowsPowerShell\v1.0;%SYSTEMROOT%\System32\OpenSSH;C:\Program Files\Microsoft VS Code\bin;C:\Users\Master Admin\AppData\Roaming\npm;C:\Users\Master Admin\AppData\Local\Microsoft\WindowsApps;C:\Users\Master Admin\AppData\Local\Programs\Microsoft VS Code\bin;C:\Users\Master Admin\AppData\Local\GitHubDesktop\bin;C:\Program Files\heroku\bin
9 verbose lifecycle express-boilerplate@1.0.0~dev: CWD: C:\Users\Master Admin\Desktop\Thinkful projects\express-boilerplate
10 silly lifecycle express-boilerplate@1.0.0~dev: Args: [ '/d /s /c', 'nodemon src/server.js' ]
11 silly lifecycle express-boilerplate@1.0.0~dev: Returned: code: 1  signal: null
12 info lifecycle express-boilerplate@1.0.0~dev: Failed to exec dev script
13 verbose stack Error: express-boilerplate@1.0.0 dev: `nodemon src/server.js`
13 verbose stack Exit status 1
13 verbose stack     at EventEmitter.<anonymous> (C:\Program Files\nodejs\node_modules\npm\node_modules\npm-lifecycle\index.js:332:16)
13 verbose stack     at EventEmitter.emit (events.js:311:20)
13 verbose stack     at ChildProcess.<anonymous> (C:\Program Files\nodejs\node_modules\npm\node_modules\npm-lifecycle\lib\spawn.js:55:14)
13 verbose stack     at ChildProcess.emit (events.js:311:20)
13 verbose stack     at maybeClose (internal/child_process.js:1021:16)
13 verbose stack     at Process.ChildProcess._handle.onexit (internal/child_process.js:286:5)
14 verbose pkgid express-boilerplate@1.0.0
15 verbose cwd C:\Users\Master Admin\Desktop\Thinkful projects\express-boilerplate
16 verbose Windows_NT 10.0.18363
17 verbose argv "C:\\Program Files\\nodejs\\node.exe" "C:\\Program Files\\nodejs\\node_modules\\npm\\bin\\npm-cli.js" "run" "dev"
18 verbose node v12.16.1
19 verbose npm  v6.13.4
20 error code ELIFECYCLE
21 error errno 1
22 error express-boilerplate@1.0.0 dev: `nodemon src/server.js`
22 error Exit status 1
23 error Failed at the express-boilerplate@1.0.0 dev script.
23 error This is probably not a problem with npm. There is likely additional logging output above.
24 verbose exit [ 1, true ]
